<?xml version="1.0" encoding="UTF-8"?>
<Site BuildName="Linux-g++"
	BuildStamp="20231206-0053-Experimental"
	Name="PNguyen"
	Generator="ctest-3.27.9"
	CompilerName="/usr/bin/g++"
	CompilerVersion="13.2.1"
	OSName="Linux"
	Hostname="PNguyen"
	OSRelease="6.6.2-arch1-1"
	OSVersion="#1 SMP PREEMPT_DYNAMIC Mon, 20 Nov 2023 23:18:21 +0000"
	OSPlatform="x86_64"
	Is64Bits="1"
	VendorString="GenuineIntel"
	VendorID="Intel Corporation"
	FamilyID="6"
	ModelID="61"
	ProcessorCacheSize="3072"
	NumberOfLogicalCPU="4"
	NumberOfPhysicalCPU="2"
	TotalVirtualMemory="4095"
	TotalPhysicalMemory="15913"
	LogicalProcessorsPerPhysical="2"
	ProcessorClockFrequency="1899.97"
	>
	<Testing>
		<StartDateTime>Dec 06 08:53 +08</StartDateTime>
		<StartTestTime>1701824001</StartTestTime>
		<TestList/>
		<EndDateTime>Dec 06 08:53 +08</EndDateTime>
		<EndTestTime>1701824001</EndTestTime>
		<ElapsedMinutes>0</ElapsedMinutes>
	</Testing>
</Site>
